<?xml version="1.0" encoding="UTF-8"?>
<!-- Generated by org.testng.reporters.JUnitXMLReporter -->
<testsuite ignored="0" hostname="Mrprajapati" failures="0" tests="4" name="Test" time="20.189" errors="0" timestamp="2025-02-25T15:39:57 IST">
  <testcase classname="TestLayer.LoginPageTest" name="loginFunctionality" time="0.436"/>
  <testcase classname="TestLayer.AddToCartPageTest" name="validateAddToCart" time="6.745"/>
  <testcase classname="TestLayer.PersonalPageTest" name="validatePersonalPage" time="3.431"/>
  <testcase classname="TestLayer.FinishPageTest" name="validateFinishFunctionality" time="0.128"/>
</testsuite> <!-- Test -->
