<?xml version="1.0" encoding="UTF-8"?>
<testng-results ignored="0" total="4" passed="4" failed="0" skipped="0">
  <reporter-output>
  </reporter-output>
  <suite started-at="2025-02-25T15:39:37 IST" name="Suite" finished-at="2025-02-25T15:39:57 IST" duration-ms="20189">
    <groups>
    </groups>
    <test started-at="2025-02-25T15:39:37 IST" name="Test" finished-at="2025-02-25T15:39:57 IST" duration-ms="20189">
      <class name="TestLayer.FinishPageTest">
        <test-method signature="validateFinishFunctionality()[pri:0, instance:TestLayer.FinishPageTest@44ebcd03]" started-at="2025-02-25T15:39:57 IST" name="validateFinishFunctionality" finished-at="2025-02-25T15:39:57 IST" duration-ms="128" status="PASS">
          <reporter-output>
          </reporter-output>
        </test-method> <!-- validateFinishFunctionality -->
      </class> <!-- TestLayer.FinishPageTest -->
      <class name="TestLayer.AddToCartPageTest">
        <test-method signature="validateAddToCart()[pri:0, instance:TestLayer.AddToCartPageTest@5af3afd9]" started-at="2025-02-25T15:39:46 IST" name="validateAddToCart" finished-at="2025-02-25T15:39:53 IST" duration-ms="6745" status="PASS">
          <reporter-output>
          </reporter-output>
        </test-method> <!-- validateAddToCart -->
      </class> <!-- TestLayer.AddToCartPageTest -->
      <class name="TestLayer.LoginPageTest">
        <test-method is-config="true" signature="setUp(java.lang.String)[pri:0, instance:TestLayer.LoginPageTest@71809907]" started-at="2025-02-25T15:39:37 IST" name="setUp" finished-at="2025-02-25T15:39:45 IST" duration-ms="7692" status="PASS">
          <params>
            <param index="0">
              <value>
                <![CDATA[chrome]]>
              </value>
            </param>
          </params>
          <reporter-output>
          </reporter-output>
        </test-method> <!-- setUp -->
        <test-method signature="loginFunctionality()[pri:0, instance:TestLayer.LoginPageTest@71809907]" started-at="2025-02-25T15:39:45 IST" name="loginFunctionality" finished-at="2025-02-25T15:39:46 IST" duration-ms="436" status="PASS">
          <reporter-output>
          </reporter-output>
        </test-method> <!-- loginFunctionality -->
        <test-method is-config="true" signature="tearDown()[pri:0, instance:TestLayer.LoginPageTest@71809907]" started-at="2025-02-25T15:39:57 IST" name="tearDown" finished-at="2025-02-25T15:39:57 IST" duration-ms="579" status="PASS">
          <reporter-output>
          </reporter-output>
        </test-method> <!-- tearDown -->
      </class> <!-- TestLayer.LoginPageTest -->
      <class name="TestLayer.PersonalPageTest">
        <test-method signature="validatePersonalPage()[pri:0, instance:TestLayer.PersonalPageTest@323b36e0]" started-at="2025-02-25T15:39:53 IST" name="validatePersonalPage" finished-at="2025-02-25T15:39:56 IST" duration-ms="3431" status="PASS">
          <reporter-output>
          </reporter-output>
        </test-method> <!-- validatePersonalPage -->
      </class> <!-- TestLayer.PersonalPageTest -->
    </test> <!-- Test -->
  </suite> <!-- Suite -->
</testng-results>
